[
  { "_id": "6897c136ff1d73cc5626c702", "trust_score": 0.95 },
  { "_id": "6897c138ff1d73cc5626c703", "trust_score": 0.85 },
  { "_id": "6897c138ff1d73cc5626c704", "trust_score": 0.65 },
  { "_id": "6897c138ff1d73cc5626c705", "trust_score": 0.65 },
  { "_id": "6897c139ff1d73cc5626c706", "trust_score": 0.65 },
  { "_id": "6897c139ff1d73cc5626c707", "trust_score": 0.65 },
  { "_id": "6897c13aff1d73cc5626c708", "trust_score": 0.65 },
  { "_id": "6897c13aff1d73cc5626c709", "trust_score": 0.75 },
  { "_id": "6897c13aff1d73cc5626c70a", "trust_score": 0.65 },
  { "_id": "6897c13bff1d73cc5626c70b", "trust_score": 0.65 },
  { "_id": "6897c13bff1d73cc5626c70c", "trust_score": 0.90 },
  { "_id": "6897c13cff1d73cc5626c70d", "trust_score": 0.65 },
  { "_id": "6897c13cff1d73cc5626c70e", "trust_score": 0.65 },
  { "_id": "6897c13cff1d73cc5626c70f", "trust_score": 0.75 },
  { "_id": "6897c13dff1d73cc5626c710", "trust_score": 0.65 },
  { "_id": "6897c13dff1d73cc5626c711", "trust_score": 0.65 },
  { "_id": "6897c13eff1d73cc5626c712", "trust_score": 0.80 },
  { "_id": "6897c13eff1d73cc5626c713", "trust_score": 0.65 },
  { "_id": "6897c13eff1d73cc5626c714", "trust_score": 0.90 },
  { "_id": "6897c13fff1d73cc5626c715", "trust_score": 0.65 },
  { "_id": "6897c13fff1d73cc5626c716", "trust_score": 0.65 },
  { "_id": "6897c140ff1d73cc5626c717", "trust_score": 0.90 },
  { "_id": "6897c140ff1d73cc5626c718", "trust_score": 0.80 },
  { "_id": "6897c140ff1d73cc5626c719", "trust_score": 0.65 },
  { "_id": "6897c141ff1d73cc5626c71a", "trust_score": 0.65 },
  { "_id": "6897c141ff1d73cc5626c71b", "trust_score": 0.65 },
  { "_id": "6897c142ff1d73cc5626c71c", "trust_score": 0.90 },
  { "_id": "6897c142ff1d73cc5626c71d", "trust_score": 0.65 },
  { "_id": "6897c142ff1d73cc5626c71e", "trust_score": 0.65 },
  { "_id": "6897c143ff1d73cc5626c71f", "trust_score": 0.65 },
  { "_id": "6897c143ff1d73cc5626c720", "trust_score": 0.65 },
  { "_id": "6897c144ff1d73cc5626c721", "trust_score": 0.65 },
  { "_id": "6897c2bcff1d73cc5626c7b2", "trust_score": 0.85 },
  { "_id": "6897c2bdff1d73cc5626c7b3", "trust_score": 0.80 },
  { "_id": "6897c2bdff1d73cc5626c7b4", "trust_score": 0.80 },
  { "_id": "6897c2beff1d73cc5626c7b5", "trust_score": 0.80 },
  { "_id": "6897c2beff1d73cc5626c7b7", "trust_score": 0.80 },
  { "_id": "6897c2bfff1d73cc5626c7b8", "trust_score": 0.80 },
  { "_id": "6897c2bfff1d73cc5626c7b9", "trust_score": 0.80 },
  { "_id": "6897c2c0ff1d73cc5626c7ba", "trust_score": 0.80 },
  { "_id": "6897c2c1ff1d73cc5626c7bb", "trust_score": 0.80 },
  { "_id": "6897c2c1ff1d73cc5626c7bc", "trust_score": 0.85 },
  { "_id": "6897c2c2ff1d73cc5626c7be", "trust_score": 0.80 },
  { "_id": "6897c2c4ff1d73cc5626c7bf", "trust_score": 0.80 },
  { "_id": "6897c2c4ff1d73cc5626c7c0", "trust_score": 0.80 },
  { "_id": "6897c2c4ff1d73cc5626c7c1", "trust_score": 0.80 },
  { "_id": "6897c2c5ff1d73cc5626c7c2", "trust_score": 0.80 },
  { "_id": "6897c2c5ff1d73cc5626c7c3", "trust_score": 0.80 },
  { "_id": "6897c2c6ff1d73cc5626c7c4", "trust_score": 0.92 },
  { "_id": "6897c2c7ff1d73cc5626c7c5", "trust_score": 0.95 },
  { "_id": "6897c2c7ff1d73cc5626c7c6", "trust_score": 0.90 },
  { "_id": "6897c2c8ff1d73cc5626c7c7", "trust_score": 0.88 },
  { "_id": "6897c2c8ff1d73cc5626c7c8", "trust_score": 0.93 },
  { "_id": "6897c2c9ff1d73cc5626c7c9", "trust_score": 0.89 },
  { "_id": "6897c2c9ff1d73cc5626c7ca", "trust_score": 0.87 },
  { "_id": "6897c2caff1d73cc5626c7cb", "trust_score": 0.91 },
  { "_id": "6897c2cbff1d73cc5626c7cc", "trust_score": 0.85 },
  { "_id": "6897c2cbff1d73cc5626c7cd", "trust_score": 0.86 },
  { "_id": "6897c2cbff1d73cc5626c7ce", "trust_score": 0.84 },
  { "_id": "6897c2ccff1d73cc5626c7cf", "trust_score": 0.88 },
  { "_id": "6897c2cdff1d73cc5626c7d0", "trust_score": 0.94 },
  { "_id": "6897c2cdff1d73cc5626c7d1", "trust_score": 0.75 },
  { "_id": "6897c2ceff1d73cc5626c7d2", "trust_score": 0.90 },
  { "_id": "6897c2ceff1d73cc5626c7d3", "trust_score": 0.92 },
  { "_id": "6897c2ceff1d73cc5626c7d4", "trust_score": 0.89 },
  { "_id": "6897c2cfff1d73cc5626c7d5", "trust_score": 0.93 },
  { "_id": "6897c2d1ff1d73cc5626c7d6", "trust_score": 0.91 },
  { "_id": "6897c2d1ff1d73cc5626c7d7", "trust_score": 0.87 },
  { "_id": "6897c2d1ff1d73cc5626c7d8", "trust_score": 0.90 },
  { "_id": "6897c2d2ff1d73cc5626c7d9", "trust_score": 0.88 },
  { "_id": "6897c2d3ff1d73cc5626c7da", "trust_score": 0.95 },
  { "_id": "6897c2d3ff1d73cc5626c7db", "trust_score": 0.94 },
  { "_id": "6897c2d3ff1d73cc5626c7dc", "trust_score": 0.92 },
  { "_id": "6897c2d4ff1d73cc5626c7dd", "trust_score": 0.93 },
  { "_id": "6897c2d5ff1d73cc5626c7de", "trust_score": 0.91 },
  { "_id": "6897c2d5ff1d73cc5626c7df", "trust_score": 0.89 },
  { "_id": "6897c2d6ff1d73cc5626c7e0", "trust_score": 0.83 },
  { "_id": "6897c2d7ff1d73cc5626c7e1", "trust_score": 0.94 },
  { "_id": "6897c2d7ff1d73cc5626c7e2", "trust_score": 0.90 },
  { "_id": "6897c2d8ff1d73cc5626c7e3", "trust_score": 0.92 },
  { "_id": "689878fa66109394fcb40362", "trust_score": 0.85 },
  { "_id": "689878fa66109394fcb40363", "trust_score": 0.88 },
  { "_id": "689878fb66109394fcb40364", "trust_score": 0.95 },
  { "_id": "689878fb66109394fcb40365", "trust_score": 0.94 },
  { "_id": "689878fb66109394fcb40366", "trust_score": 0.93 },
  { "_id": "6898791c66109394fcb40369", "trust_score": 0.90 },
  { "_id": "6898791e66109394fcb4036b", "trust_score": 0.89 },
  { "_id": "6898791e66109394fcb4036c", "trust_score": 0.88 },
  { "_id": "6898791e66109394fcb4036d", "trust_score": 0.87 },
  { "_id": "6898791f66109394fcb4036e", "trust_score": 0.86 },
  { "_id": "6898791f66109394fcb4036f", "trust_score": 0.91 },
  { "_id": "6898792066109394fcb40370", "trust_score": 0.95 },
  { "_id": "6898792066109394fcb40371", "trust_score": 0.96 },
  { "_id": "6898792166109394fcb40372", "trust_score": 0.75 },
  { "_id": "6898798566109394fcb4037b", "trust_score": 0.92 },
  { "_id": "6898798566109394fcb4037c", "trust_score": 0.70 },
  { "_id": "6898798666109394fcb4037e", "trust_score": 0.85 },
  { "_id": "6898798766109394fcb4037f", "trust_score": 0.82 },
  { "_id": "6898798766109394fcb40380", "trust_score": 0.80 },
  { "_id": "6898798766109394fcb40381", "trust_score": 0.78 },
  { "_id": "6898798866109394fcb40382", "trust_score": 0.75 },
  { "_id": "6898798866109394fcb40383", "trust_score": 0.88 },
  { "_id": "6898798966109394fcb40384", "trust_score": 0.88 },
  { "_id": "6898798966109394fcb40385", "trust_score": 0.90 },
  { "_id": "6898798a66109394fcb40386", "trust_score": 0.85 },
  { "_id": "6898798a66109394fcb40387", "trust_score": 0.70 },
  { "_id": "6898798a66109394fcb40388", "trust_score": 0.60 },
  { "_id": "6898798b66109394fcb40389", "trust_score": 0.85 },
  { "_id": "6898798b66109394fcb4038a", "trust_score": 0.88 },
  { "_id": "6898798c66109394fcb4038b", "trust_score": 0.95 },
  { "_id": "6898798c66109394fcb4038c", "trust_score": 0.80 },
  { "_id": "6898798d66109394fcb4038d", "trust_score": 0.85 },
  { "_id": "6898798d66109394fcb4038e", "trust_score": 0.92 },
  { "_id": "6898798d66109394fcb4038f", "trust_score": 0.88 },
  { "_id": "6898798e66109394fcb40390", "trust_score": 0.85 },
  { "_id": "6898798e66109394fcb40391", "trust_score": 0.80 },
  { "_id": "6898798f66109394fcb40392", "trust_score": 0.75 },
  { "_id": "6898798f66109394fcb40393", "trust_score": 0.82 },
  { "_id": "6898799066109394fcb40395", "trust_score": 0.85 },
  { "_id": "6898799066109394fcb40396", "trust_score": 0.92 },
  { "_id": "6898799166109394fcb40397", "trust_score": 0.75 },
  { "_id": "6898799166109394fcb40398", "trust_score": 0.85 },
  { "_id": "6898799166109394fcb40399", "trust_score": 0.88 },
  { "_id": "6898799266109394fcb4039a", "trust_score": 0.80 },
  { "_id": "6898799266109394fcb4039b", "trust_score": 0.85 },
  { "_id": "6898799366109394fcb4039d", "trust_score": 0.82 },
  { "_id": "6898799466109394fcb4039e", "trust_score": 0.90 },
  { "_id": "6898799466109394fcb4039f", "trust_score": 0.85 },
  { "_id": "68987c7ad4d243194dda9389", "trust_score": 0.88 },
  { "_id": "68987cccd4d243194dda938c", "trust_score": 0.90 },
  { "_id": "68987da7d4d243194dda938f", "trust_score": 0.88 },
  { "_id": "68987daad4d243194dda9390", "trust_score": 0.85 },
  { "_id": "68987dabd4d243194dda9391", "trust_score": 0.80 },
  { "_id": "68987dabd4d243194dda9392", "trust_score": 0.85 },
  { "_id": "68987daed4d243194dda9393", "trust_score": 0.78 },
  { "_id": "68987dafd4d243194dda9394", "trust_score": 0.92 },
  { "_id": "68987db0d4d243194dda9395", "trust_score": 0.85 },
  { "_id": "68987db2d4d243194dda9397", "trust_score": 0.80 },
  { "_id": "68987db2d4d243194dda9398", "trust_score": 0.78 },
  { "_id": "68987db4d4d243194dda939a", "trust_score": 0.85 },
  { "_id": "68987db5d4d243194dda939b", "trust_score": 0.90 },
  { "_id": "68987db5d4d243194dda939c", "trust_score": 0.92 },
  { "_id": "68987db7d4d243194dda939e", "trust_score": 0.88 },
  { "_id": "68987db8d4d243194dda939f", "trust_score": 0.85 },
  { "_id": "68987db9d4d243194dda93a1", "trust_score": 0.75 },
  { "_id": "68987db9d4d243194dda93a2", "trust_score": 0.85 },
  { "_id": "68987dbad4d243194dda93a3", "trust_score": 0.90 },
  { "_id": "68987dbbd4d243194dda93a4", "trust_score": 0.80 },
  { "_id": "68987dbdd4d243194dda93a6", "trust_score": 0.85 },
  { "_id": "68987dbdd4d243194dda93a7", "trust_score": 0.85 },
  { "_id": "68987dc0d4d243194dda93aa", "trust_score": 0.90 },
  { "_id": "68987dc1d4d243194dda93ab", "trust_score": 0.95 },
  { "_id": "68987dc2d4d243194dda93ac", "trust_score": 0.80 },
  { "_id": "68987dc3d4d243194dda93ae", "trust_score": 0.85 },
  { "_id": "68987dc4d4d243194dda93b0", "trust_score": 0.80 },
  { "_id": "68987dc5d4d243194dda93b1", "trust_score": 0.75 },
  { "_id": "68987dc6d4d243194dda93b2", "trust_score": 0.70 },
  { "_id": "68987dcad4d243194dda93b6", "trust_score": 0.85 },
  { "_id": "68987dcbd4d243194dda93b7", "trust_score": 0.80 },
  { "_id": "68987dcbd4d243194dda93b8", "trust_score": 0.85 },
  { "_id": "68987dccd4d243194dda93b9", "trust_score": 0.75 },
  { "_id": "68987dccd4d243194dda93ba", "trust_score": 0.80 },
  { "_id": "68987dcdd4d243194dda93bb", "trust_score": 0.85 },
  { "_id": "68987dcdd4d243194dda93bd", "trust_score": 0.70 },
  { "_id": "68987dced4d243194dda93be", "trust_score": 0.85 },
  { "_id": "68987dcfd4d243194dda93bf", "trust_score": 0.85 },
  { "_id": "68988314afa9845893d0e4a4", "trust_score": 0.90 },
  { "_id": "68988317afa9845893d0e4a5", "trust_score": 0.85 },
  { "_id": "68988318afa9845893d0e4a6", "trust_score": 0.80 },
  { "_id": "68988318afa9845893d0e4a7", "trust_score": 0.85 },
  { "_id": "68988318afa9845893d0e4a8", "trust_score": 0.90 },
  { "_id": "68988319afa9845893d0e4a9", "trust_score": 0.90 },
  { "_id": "68988319afa9845893d0e4aa", "trust_score": 0.75 },
  { "_id": "6898831bafa9845893d0e4ab", "trust_score": 0.85 },
  { "_id": "6898831bafa9845893d0e4ac", "trust_score": 0.85 },
  { "_id": "6898831dafa9845893d0e4af", "trust_score": 0.85 },
  { "_id": "68988470afa9845893d0e548", "trust_score": 0.85 },
  { "_id": "68988471afa9845893d0e54a", "trust_score": 0.90 },
  { "_id": "68988471afa9845893d0e54b", "trust_score": 0.85 },
  { "_id": "68988472afa9845893d0e54c", "trust_score": 0.80 },
  { "_id": "68988472afa9845893d0e54d", "trust_score": 0.85 },
  { "_id": "68988472afa9845893d0e54e", "trust_score": 0.85 },
  { "_id": "68988473afa9845893d0e54f", "trust_score": 0.85 },
  { "_id": "68988473afa9845893d0e550", "trust_score": 0.90 },
  { "_id": "68988474afa9845893d0e551", "trust_score": 0.85 },
  { "_id": "689884d6afa9845893d0e573", "trust_score": 0.90 },
  { "_id": "689884d7afa9845893d0e574", "trust_score": 0.95 },
  { "_id": "689884d7afa9845893d0e575", "trust_score": 0.85 },
  { "_id": "689884d7afa9845893d0e576", "trust_score": 0.85 },
  { "_id": "689884d8afa9845893d0e577", "trust_score": 0.85 },
  { "_id": "689884d8afa9845893d0e578", "trust_score": 0.85 },
  { "_id": "689884d9afa9845893d0e579", "trust_score": 0.90 },
  {"_id": "689884daafa9845893d0e57a", "trust_score": 0.85},
  {"_id": "689884daafa9845893d0e57b", "trust_score": 0.85},
  {"_id": "689884daafa9845893d0e57c", "trust_score": 0.75},
  {"_id": "689884dbafa9845893d0e57d", "trust_score": 0.90},
  {"_id": "689884dbafa9845893d0e57e", "trust_score": 0.85},
  {"_id": "689884dcafa9845893d0e57f", "trust_score": 0.80},
  {"_id": "689884deafa9845893d0e580", "trust_score": 0.80},
  {"_id": "689884deafa9845893d0e582", "trust_score": 0.95},
  {"_id": "689884dfafa9845893d0e583", "trust_score": 0.85},
  {"_id": "689884dfafa9845893d0e584", "trust_score": 0.85},
  {"_id": "689884e0afa9845893d0e585", "trust_score": 0.90},
  {"_id": "689884e1afa9845893d0e586", "trust_score": 0.85},
  {"_id": "689884e1afa9845893d0e587", "trust_score": 0.90},
  {"_id": "689884e1afa9845893d0e588", "trust_score": 0.90},
  {"_id": "689884e2afa9845893d0e589", "trust_score": 0.70},
  {"_id": "689884e2afa9845893d0e58a", "trust_score": 0.70},
  {"_id": "689884e3afa9845893d0e58b", "trust_score": 0.85},
  {"_id": "689884e3afa9845893d0e58c", "trust_score": 0.85},
  {"_id": "689884e4afa9845893d0e58e", "trust_score": 0.80},
  {"_id": "689884e4afa9845893d0e58f", "trust_score": 0.80},
  {"_id": "689884e6afa9845893d0e591", "trust_score": 0.85},
  {"_id": "689884e7afa9845893d0e593", "trust_score": 0.80},
  {"_id": "689884e7afa9845893d0e594", "trust_score": 0.90},
  {"_id": "689884e8afa9845893d0e596", "trust_score": 0.85},
  {"_id": "689884e9afa9845893d0e597", "trust_score": 0.60},
  {"_id": "6898854aafa9845893d0e5aa", "trust_score": 0.85},
  {"_id": "6898854aafa9845893d0e5ab", "trust_score": 0.85},
  {"_id": "6898854bafa9845893d0e5ad", "trust_score": 0.80},
  {"_id": "6898854cafa9845893d0e5ae", "trust_score": 0.75},
  {"_id": "6898854dafa9845893d0e5af", "trust_score": 0.80},
  {"_id": "6898854eafa9845893d0e5b0", "trust_score": 0.85},
  {"_id": "6898854eafa9845893d0e5b1", "trust_score": 0.80},
  {"_id": "6898854fafa9845893d0e5b2", "trust_score": 0.85},
  {"_id": "6899c49c35faecf33c9a1836", "trust_score": 0.90},
  {"_id": "6899c49c35faecf33c9a1837", "trust_score": 0.90},
  {"_id": "6899c49d35faecf33c9a1838", "trust_score": 0.90},
  {"_id": "6899c49d35faecf33c9a1839", "trust_score": 0.90},
  {"_id": "6899c49d35faecf33c9a183a", "trust_score": 0.90},
  {"_id": "6899c49e35faecf33c9a183b", "trust_score": 0.85},
  {"_id": "6899c49e35faecf33c9a183c", "trust_score": 0.90},
  {"_id": "6899c49f35faecf33c9a183d", "trust_score": 0.85},
  {"_id": "6899c49f35faecf33c9a183e", "trust_score": 0.90},
  {"_id": "6899c4a035faecf33c9a183f", "trust_score": 0.90},
  {"_id": "6899c4a035faecf33c9a1840", "trust_score": 0.85},
  {"_id": "6899c4a035faecf33c9a1841", "trust_score": 0.85},
  {"_id": "6899c4a135faecf33c9a1842", "trust_score": 0.85},
  {"_id": "6899c4a135faecf33c9a1843", "trust_score": 0.90},
  {"_id": "6899c4a235faecf33c9a1844", "trust_score": 0.85},
  {"_id": "6899c4a235faecf33c9a1845", "trust_score": 0.80},
  { "_id": "6899c4a335faecf33c9a1846", "trust_score": 0.92 },
  { "_id": "6899c4a435faecf33c9a1847", "trust_score": 0.88 },
  { "_id": "6899c4a435faecf33c9a1848", "trust_score": 0.75 },
  { "_id": "6899c4a535faecf33c9a1849", "trust_score": 0.90 },
  { "_id": "6899c4a535faecf33c9a184a", "trust_score": 0.85 },
  { "_id": "6899c4a535faecf33c9a184b", "trust_score": 0.88 },
  { "_id": "6899c4a635faecf33c9a184c", "trust_score": 0.90 },
  { "_id": "6899c4a635faecf33c9a184d", "trust_score": 0.87 },
  { "_id": "6899c4a735faecf33c9a184e", "trust_score": 0.85 },
  { "_id": "6899c4a735faecf33c9a184f", "trust_score": 0.88 },
  { "_id": "6899c4a835faecf33c9a1850", "trust_score": 0.82 },
  { "_id": "6899c4a835faecf33c9a1851", "trust_score": 0.90 },
  { "_id": "6899c4aa35faecf33c9a1856", "trust_score": 0.85 },
  { "_id": "6899c4ab35faecf33c9a1857", "trust_score": 0.88 },
  { "_id": "6899c4ac35faecf33c9a1859", "trust_score": 0.70 },
  { "_id": "6899c4ae35faecf33c9a185a", "trust_score": 0.85 },
  { "_id": "6899c4af35faecf33c9a185b", "trust_score": 0.78 },
  { "_id": "6899c4b035faecf33c9a185c", "trust_score": 0.80 },
  { "_id": "6899c4b035faecf33c9a185d", "trust_score": 0.75 },
  { "_id": "6899c4b135faecf33c9a185e", "trust_score": 0.82 },
  { "_id": "6899c4b235faecf33c9a1861", "trust_score": 0.80 },
  { "_id": "6899c4b335faecf33c9a1862", "trust_score": 0.88 },
  { "_id": "6899c4b335faecf33c9a1863", "trust_score": 0.78 },
  { "_id": "6899c4b435faecf33c9a1864", "trust_score": 0.82 },
  { "_id": "6899c4b435faecf33c9a1865", "trust_score": 0.85 },
  { "_id": "6899c4b535faecf33c9a1867", "trust_score": 0.83 },
  { "_id": "6899c4b535faecf33c9a1868", "trust_score": 0.80 },
  { "_id": "6899c4b635faecf33c9a1869", "trust_score": 0.88 },
  { "_id": "6899c4b635faecf33c9a186a", "trust_score": 0.85 },
  { "_id": "6899c4b735faecf33c9a186b", "trust_score": 0.82 },
  { "_id": "6899c4b735faecf33c9a186c", "trust_score": 0.85 },
  { "_id": "6899c4b835faecf33c9a186d", "trust_score": 0.88 },
  { "_id": "6899ca23994c32774e6b0ed9", "trust_score": 0.88 },
  { "_id": "6899ca24994c32774e6b0eda", "trust_score": 0.80 },
  { "_id": "6899cb91402627372eff840b", "trust_score": 0.92 },
  { "_id": "6899cb93402627372eff840c", "trust_score": 0.88 },
  { "_id": "6899cb94402627372eff840d", "trust_score": 0.92 },
  { "_id": "6899cb94402627372eff840e", "trust_score": 0.88 },
  { "_id": "6899cb97402627372eff840f", "trust_score": 0.85 },
  { "_id": "6899cb97402627372eff8410", "trust_score": 0.95 },
  { "_id": "6899cb98402627372eff8411", "trust_score": 0.85 },
  { "_id": "6899cb99402627372eff8412", "trust_score": 0.88 },
  { "_id": "6899cb9a402627372eff8413", "trust_score": 0.90 },
  { "_id": "6899cb9b402627372eff8414", "trust_score": 0.85 },
  { "_id": "6899cbf3402627372eff8419", "trust_score": 0.88 },
  { "_id": "6899cbf4402627372eff841a", "trust_score": 0.88 },
  { "_id": "6899cbf5402627372eff841b", "trust_score": 0.82 },
  { "_id": "6899cbf5402627372eff841d", "trust_score": 0.88 },
  { "_id": "6899cbf6402627372eff841e", "trust_score": 0.85 },
  { "_id": "6899cbf7402627372eff841f", "trust_score": 0.75 },
  { "_id": "6899cbf7402627372eff8421", "trust_score": 0.90 },
  { "_id": "6899cbf8402627372eff8422", "trust_score": 0.95 },
  { "_id": "6899cbf9402627372eff8423", "trust_score": 0.85 },
  { "_id": "6899cbfa402627372eff8424", "trust_score": 0.85 },
  { "_id": "6899cbfb402627372eff8426", "trust_score": 0.70 },
  { "_id": "6899cbfb402627372eff8427", "trust_score": 0.80 },
  { "_id": "6899cbfc402627372eff8428", "trust_score": 0.85 },
  { "_id": "6899cbfe402627372eff842a", "trust_score": 0.85 },
  { "_id": "6899cbfe402627372eff842b", "trust_score": 0.85 },
  { "_id": "6899cbff402627372eff842c", "trust_score": 0.85 },
  { "_id": "6899cbff402627372eff842d", "trust_score": 0.85 },
  { "_id": "6899cc03402627372eff842e", "trust_score": 0.80 },
  { "_id": "6899cc04402627372eff842f", "trust_score": 0.90 },
  { "_id": "6899cc06402627372eff8431", "trust_score": 0.85 },
  { "_id": "6899cc07402627372eff8432", "trust_score": 0.85 },
  { "_id": "6899cc07402627372eff8433", "trust_score": 0.90 },
  { "_id": "6899cc08402627372eff8434", "trust_score": 0.85 },
  { "_id": "6899cc08402627372eff8435", "trust_score": 0.90 },
  { "_id": "6899cc09402627372eff8436", "trust_score": 0.85 },
  { "_id": "6899cc09402627372eff8437", "trust_score": 0.85 },
  { "_id": "6899cc0a402627372eff8438", "trust_score": 0.90 },
  { "_id": "6899cc0c402627372eff843b", "trust_score": 0.95 },
  { "_id": "6899cc0d402627372eff843c", "trust_score": 0.85 },
  { "_id": "6899cc0e402627372eff843d", "trust_score": 0.85 },
  { "_id": "6899ccb1402627372eff843e", "trust_score": 0.90 },
  { "_id": "6899ccb2402627372eff843f", "trust_score": 0.90 },
  { "_id": "6899ccb3402627372eff8442", "trust_score": 0.80 },
  { "_id": "6899ccb4402627372eff8443", "trust_score": 0.85 },
  { "_id": "6899ccb7402627372eff8448", "trust_score": 0.85 },
  { "_id": "6899ccb7402627372eff8449", "trust_score": 0.85 },
  { "_id": "6899cdd5402627372eff84cc", "trust_score": 0.80 },
  { "_id": "6899cdd5402627372eff84cd", "trust_score": 0.85 },
  { "_id": "6899cdd6402627372eff84ce", "trust_score": 0.85 },
  { "_id": "6899e2b88de6356401030e63", "trust_score": 0.85 },
  { "_id": "6899e2c28de6356401030e64", "trust_score": 0.85 },
  { "_id": "6899e2c38de6356401030e65", "trust_score": 0.85 },
  { "_id": "6899e2c38de6356401030e66", "trust_score": 0.85 },
  { "_id": "6899e2c48de6356401030e67", "trust_score": 0.85 },
  { "_id": "6899e2c68de6356401030e68", "trust_score": 0.80 },
  { "_id": "6899e2c78de6356401030e69", "trust_score": 0.85 },
  { "_id": "6899e2ca8de6356401030e6a", "trust_score": 0.85 },
  { "_id": "6899e2cc8de6356401030e6b", "trust_score": 0.85 },
  { "_id": "6899e32e8de6356401030e6c", "trust_score": 0.60 },
  { "_id": "6899e32f8de6356401030e6d", "trust_score": 0.50 },
  { "_id": "6899e33d8de6356401030e6e", "trust_score": 0.60 },
  { "_id": "6899e3408de6356401030e6f", "trust_score": 0.60 }
]